{"/Users/Arnab.Chakraborty/Desktop/Firebase/Firebase-CRUD-/src/components/CustomerForm.jsx": {"path":"/Users/Arnab.Chakraborty/Desktop/Firebase/Firebase-CRUD-/src/components/CustomerForm.jsx","statementMap":{"0":{"start":{"line":4,"column":23},"end":{"line":15,"column":null}},"1":{"start":{"line":17,"column":21},"end":{"line":17,"column":null}},"2":{"start":{"line":18,"column":15},"end":{"line":18,"column":null}},"3":{"start":{"line":19,"column":17},"end":{"line":19,"column":null}},"4":{"start":{"line":20,"column":23},"end":{"line":20,"column":null}},"5":{"start":{"line":21,"column":24},"end":{"line":21,"column":null}},"6":{"start":{"line":22,"column":25},"end":{"line":22,"column":null}},"7":{"start":{"line":23,"column":21},"end":{"line":23,"column":null}},"8":{"start":{"line":24,"column":24},"end":{"line":24,"column":null}},"9":{"start":{"line":25,"column":20},"end":{"line":25,"column":null}},"10":{"start":{"line":28,"column":27},"end":{"line":62,"column":null}},"11":{"start":{"line":28,"column":34},"end":{"line":62,"column":null}},"12":{"start":{"line":64,"column":21},"end":{"line":64,"column":null}},"13":{"start":{"line":65,"column":22},"end":{"line":65,"column":null}},"14":{"start":{"line":68,"column":30},"end":{"line":70,"column":null}},"15":{"start":{"line":69,"column":4},"end":{"line":69,"column":null}},"16":{"start":{"line":71,"column":30},"end":{"line":83,"column":null}},"17":{"start":{"line":72,"column":18},"end":{"line":72,"column":null}},"18":{"start":{"line":73,"column":4},"end":{"line":81,"column":null}},"19":{"start":{"line":74,"column":6},"end":{"line":80,"column":null}},"20":{"start":{"line":75,"column":23},"end":{"line":75,"column":null}},"21":{"start":{"line":77,"column":8},"end":{"line":77,"column":null}},"22":{"start":{"line":79,"column":8},"end":{"line":79,"column":null}},"23":{"start":{"line":82,"column":4},"end":{"line":82,"column":null}},"24":{"start":{"line":84,"column":24},"end":{"line":84,"column":null}},"25":{"start":{"line":85,"column":28},"end":{"line":85,"column":null}},"26":{"start":{"line":86,"column":46},"end":{"line":91,"column":null}},"27":{"start":{"line":94,"column":2},"end":{"line":96,"column":null}},"28":{"start":{"line":95,"column":4},"end":{"line":95,"column":null}},"29":{"start":{"line":99,"column":2},"end":{"line":104,"column":null}},"30":{"start":{"line":100,"column":22},"end":{"line":102,"column":null}},"31":{"start":{"line":101,"column":6},"end":{"line":101,"column":null}},"32":{"start":{"line":103,"column":4},"end":{"line":103,"column":null}},"33":{"start":{"line":103,"column":17},"end":{"line":103,"column":null}},"34":{"start":{"line":107,"column":4},"end":{"line":107,"column":null}},"35":{"start":{"line":107,"column":35},"end":{"line":107,"column":74}},"36":{"start":{"line":111,"column":28},"end":{"line":111,"column":null}},"37":{"start":{"line":112,"column":4},"end":{"line":112,"column":null}},"38":{"start":{"line":112,"column":27},"end":{"line":112,"column":54}},"39":{"start":{"line":113,"column":4},"end":{"line":113,"column":null}},"40":{"start":{"line":118,"column":4},"end":{"line":118,"column":null}},"41":{"start":{"line":118,"column":15},"end":{"line":118,"column":null}},"42":{"start":{"line":119,"column":4},"end":{"line":119,"column":null}},"43":{"start":{"line":123,"column":4},"end":{"line":123,"column":null}},"44":{"start":{"line":124,"column":4},"end":{"line":124,"column":null}},"45":{"start":{"line":125,"column":4},"end":{"line":125,"column":null}},"46":{"start":{"line":128,"column":4},"end":{"line":131,"column":null}},"47":{"start":{"line":129,"column":6},"end":{"line":129,"column":null}},"48":{"start":{"line":130,"column":6},"end":{"line":130,"column":null}},"49":{"start":{"line":133,"column":10},"end":{"line":133,"column":null}},"50":{"start":{"line":136,"column":4},"end":{"line":139,"column":null}},"51":{"start":{"line":137,"column":6},"end":{"line":137,"column":null}},"52":{"start":{"line":138,"column":6},"end":{"line":138,"column":null}},"53":{"start":{"line":142,"column":4},"end":{"line":145,"column":null}},"54":{"start":{"line":143,"column":6},"end":{"line":143,"column":null}},"55":{"start":{"line":144,"column":6},"end":{"line":144,"column":null}},"56":{"start":{"line":148,"column":4},"end":{"line":151,"column":null}},"57":{"start":{"line":149,"column":6},"end":{"line":149,"column":null}},"58":{"start":{"line":150,"column":6},"end":{"line":150,"column":null}},"59":{"start":{"line":154,"column":4},"end":{"line":156,"column":null}},"60":{"start":{"line":155,"column":6},"end":{"line":155,"column":null}},"61":{"start":{"line":158,"column":4},"end":{"line":158,"column":null}},"62":{"start":{"line":161,"column":24},"end":{"line":161,"column":null}},"63":{"start":{"line":162,"column":4},"end":{"line":162,"column":null}},"64":{"start":{"line":163,"column":4},"end":{"line":163,"column":null}},"65":{"start":{"line":167,"column":24},"end":{"line":167,"column":null}},"66":{"start":{"line":168,"column":4},"end":{"line":168,"column":null}},"67":{"start":{"line":169,"column":4},"end":{"line":169,"column":null}},"68":{"start":{"line":170,"column":4},"end":{"line":170,"column":null}},"69":{"start":{"line":171,"column":4},"end":{"line":171,"column":null}},"70":{"start":{"line":174,"column":2},"end":{"line":634,"column":null}},"71":{"start":{"line":181,"column":25},"end":{"line":181,"column":null}},"72":{"start":{"line":188,"column":25},"end":{"line":188,"column":null}},"73":{"start":{"line":252,"column":29},"end":{"line":252,"column":null}},"74":{"start":{"line":281,"column":24},"end":{"line":281,"column":null}},"75":{"start":{"line":296,"column":24},"end":{"line":296,"column":null}},"76":{"start":{"line":312,"column":29},"end":{"line":312,"column":null}},"77":{"start":{"line":331,"column":24},"end":{"line":331,"column":null}},"78":{"start":{"line":346,"column":24},"end":{"line":346,"column":null}},"79":{"start":{"line":385,"column":24},"end":{"line":385,"column":null}},"80":{"start":{"line":401,"column":29},"end":{"line":401,"column":null}},"81":{"start":{"line":420,"column":24},"end":{"line":420,"column":null}},"82":{"start":{"line":435,"column":24},"end":{"line":435,"column":null}},"83":{"start":{"line":450,"column":24},"end":{"line":450,"column":null}},"84":{"start":{"line":488,"column":29},"end":{"line":488,"column":null}},"85":{"start":{"line":531,"column":24},"end":{"line":531,"column":null}},"86":{"start":{"line":565,"column":16},"end":{"line":565,"column":null}}},"fnMap":{"0":{"name":"(anonymous_0)","decl":{"start":{"line":28,"column":27},"end":{"line":28,"column":34}},"loc":{"start":{"line":28,"column":34},"end":{"line":62,"column":null}},"line":28},"1":{"name":"CustomerForm","decl":{"start":{"line":67,"column":24},"end":{"line":67,"column":37}},"loc":{"start":{"line":67,"column":60},"end":{"line":636,"column":null}},"line":67},"2":{"name":"(anonymous_2)","decl":{"start":{"line":68,"column":43},"end":{"line":68,"column":49}},"loc":{"start":{"line":68,"column":49},"end":{"line":70,"column":3}},"line":68},"3":{"name":"(anonymous_3)","decl":{"start":{"line":71,"column":43},"end":{"line":71,"column":49}},"loc":{"start":{"line":71,"column":49},"end":{"line":83,"column":3}},"line":71},"4":{"name":"(anonymous_4)","decl":{"start":{"line":94,"column":12},"end":{"line":94,"column":18}},"loc":{"start":{"line":94,"column":18},"end":{"line":96,"column":5}},"line":94},"5":{"name":"(anonymous_5)","decl":{"start":{"line":99,"column":12},"end":{"line":99,"column":18}},"loc":{"start":{"line":99,"column":18},"end":{"line":104,"column":5}},"line":99},"6":{"name":"(anonymous_6)","decl":{"start":{"line":100,"column":33},"end":{"line":100,"column":39}},"loc":{"start":{"line":100,"column":39},"end":{"line":102,"column":7}},"line":100},"7":{"name":"(anonymous_7)","decl":{"start":{"line":103,"column":11},"end":{"line":103,"column":17}},"loc":{"start":{"line":103,"column":17},"end":{"line":103,"column":null}},"line":103},"8":{"name":"toggleSection","decl":{"start":{"line":106,"column":11},"end":{"line":106,"column":25}},"loc":{"start":{"line":106,"column":34},"end":{"line":108,"column":null}},"line":106},"9":{"name":"(anonymous_9)","decl":{"start":{"line":107,"column":24},"end":{"line":107,"column":25}},"loc":{"start":{"line":107,"column":35},"end":{"line":107,"column":74}},"line":107},"10":{"name":"handleChange","decl":{"start":{"line":110,"column":11},"end":{"line":110,"column":24}},"loc":{"start":{"line":110,"column":27},"end":{"line":114,"column":null}},"line":110},"11":{"name":"(anonymous_11)","decl":{"start":{"line":112,"column":16},"end":{"line":112,"column":17}},"loc":{"start":{"line":112,"column":27},"end":{"line":112,"column":54}},"line":112},"12":{"name":"validateIMEI","decl":{"start":{"line":117,"column":11},"end":{"line":117,"column":24}},"loc":{"start":{"line":117,"column":30},"end":{"line":120,"column":null}},"line":117},"13":{"name":"handleSubmit","decl":{"start":{"line":122,"column":11},"end":{"line":122,"column":24}},"loc":{"start":{"line":122,"column":27},"end":{"line":164,"column":null}},"line":122},"14":{"name":"handleReset","decl":{"start":{"line":166,"column":11},"end":{"line":166,"column":25}},"loc":{"start":{"line":166,"column":25},"end":{"line":172,"column":null}},"line":166},"15":{"name":"(anonymous_15)","decl":{"start":{"line":181,"column":19},"end":{"line":181,"column":25}},"loc":{"start":{"line":181,"column":25},"end":{"line":181,"column":null}},"line":181},"16":{"name":"(anonymous_16)","decl":{"start":{"line":188,"column":19},"end":{"line":188,"column":25}},"loc":{"start":{"line":188,"column":25},"end":{"line":188,"column":null}},"line":188},"17":{"name":"(anonymous_17)","decl":{"start":{"line":252,"column":23},"end":{"line":252,"column":29}},"loc":{"start":{"line":252,"column":29},"end":{"line":252,"column":null}},"line":252},"18":{"name":"(anonymous_18)","decl":{"start":{"line":280,"column":42},"end":{"line":280,"column":43}},"loc":{"start":{"line":281,"column":24},"end":{"line":281,"column":null}},"line":281},"19":{"name":"(anonymous_19)","decl":{"start":{"line":295,"column":43},"end":{"line":295,"column":44}},"loc":{"start":{"line":296,"column":24},"end":{"line":296,"column":null}},"line":296},"20":{"name":"(anonymous_20)","decl":{"start":{"line":312,"column":23},"end":{"line":312,"column":29}},"loc":{"start":{"line":312,"column":29},"end":{"line":312,"column":null}},"line":312},"21":{"name":"(anonymous_21)","decl":{"start":{"line":330,"column":40},"end":{"line":330,"column":41}},"loc":{"start":{"line":331,"column":24},"end":{"line":331,"column":null}},"line":331},"22":{"name":"(anonymous_22)","decl":{"start":{"line":345,"column":34},"end":{"line":345,"column":35}},"loc":{"start":{"line":346,"column":24},"end":{"line":346,"column":null}},"line":346},"23":{"name":"(anonymous_23)","decl":{"start":{"line":384,"column":36},"end":{"line":384,"column":37}},"loc":{"start":{"line":385,"column":24},"end":{"line":385,"column":null}},"line":385},"24":{"name":"(anonymous_24)","decl":{"start":{"line":401,"column":23},"end":{"line":401,"column":29}},"loc":{"start":{"line":401,"column":29},"end":{"line":401,"column":null}},"line":401},"25":{"name":"(anonymous_25)","decl":{"start":{"line":419,"column":44},"end":{"line":419,"column":45}},"loc":{"start":{"line":420,"column":24},"end":{"line":420,"column":null}},"line":420},"26":{"name":"(anonymous_26)","decl":{"start":{"line":434,"column":40},"end":{"line":434,"column":41}},"loc":{"start":{"line":435,"column":24},"end":{"line":435,"column":null}},"line":435},"27":{"name":"(anonymous_27)","decl":{"start":{"line":449,"column":43},"end":{"line":449,"column":44}},"loc":{"start":{"line":450,"column":24},"end":{"line":450,"column":null}},"line":450},"28":{"name":"(anonymous_28)","decl":{"start":{"line":488,"column":23},"end":{"line":488,"column":29}},"loc":{"start":{"line":488,"column":29},"end":{"line":488,"column":null}},"line":488},"29":{"name":"(anonymous_29)","decl":{"start":{"line":530,"column":39},"end":{"line":530,"column":40}},"loc":{"start":{"line":531,"column":24},"end":{"line":531,"column":null}},"line":531},"30":{"name":"(anonymous_30)","decl":{"start":{"line":564,"column":34},"end":{"line":564,"column":35}},"loc":{"start":{"line":565,"column":16},"end":{"line":565,"column":null}},"line":565}},"branchMap":{"0":{"loc":{"start":{"line":69,"column":11},"end":{"line":69,"column":null}},"type":"binary-expr","locations":[{"start":{"line":69,"column":11},"end":{"line":69,"column":50}},{"start":{"line":69,"column":50},"end":{"line":69,"column":null}}],"line":69},"1":{"loc":{"start":{"line":73,"column":4},"end":{"line":81,"column":null}},"type":"if","locations":[{"start":{"line":73,"column":4},"end":{"line":81,"column":null}},{"start":{},"end":{}}],"line":73},"2":{"loc":{"start":{"line":118,"column":4},"end":{"line":118,"column":null}},"type":"if","locations":[{"start":{"line":118,"column":4},"end":{"line":118,"column":null}},{"start":{},"end":{}}],"line":118},"3":{"loc":{"start":{"line":128,"column":4},"end":{"line":131,"column":null}},"type":"if","locations":[{"start":{"line":128,"column":4},"end":{"line":131,"column":null}},{"start":{},"end":{}}],"line":128},"4":{"loc":{"start":{"line":128,"column":8},"end":{"line":128,"column":44}},"type":"binary-expr","locations":[{"start":{"line":128,"column":8},"end":{"line":128,"column":27}},{"start":{"line":128,"column":27},"end":{"line":128,"column":44}}],"line":128},"5":{"loc":{"start":{"line":136,"column":4},"end":{"line":139,"column":null}},"type":"if","locations":[{"start":{"line":136,"column":4},"end":{"line":139,"column":null}},{"start":{},"end":{}}],"line":136},"6":{"loc":{"start":{"line":142,"column":4},"end":{"line":145,"column":null}},"type":"if","locations":[{"start":{"line":142,"column":4},"end":{"line":145,"column":null}},{"start":{},"end":{}}],"line":142},"7":{"loc":{"start":{"line":142,"column":8},"end":{"line":142,"column":82}},"type":"binary-expr","locations":[{"start":{"line":142,"column":8},"end":{"line":142,"column":33}},{"start":{"line":142,"column":33},"end":{"line":142,"column":82}}],"line":142},"8":{"loc":{"start":{"line":148,"column":4},"end":{"line":151,"column":null}},"type":"if","locations":[{"start":{"line":148,"column":4},"end":{"line":151,"column":null}},{"start":{},"end":{}}],"line":148},"9":{"loc":{"start":{"line":154,"column":4},"end":{"line":156,"column":null}},"type":"if","locations":[{"start":{"line":154,"column":4},"end":{"line":156,"column":null}},{"start":{},"end":{}}],"line":154},"10":{"loc":{"start":{"line":154,"column":8},"end":{"line":154,"column":55}},"type":"binary-expr","locations":[{"start":{"line":154,"column":8},"end":{"line":154,"column":25}},{"start":{"line":154,"column":25},"end":{"line":154,"column":55}}],"line":154},"11":{"loc":{"start":{"line":180,"column":35},"end":{"line":180,"column":73}},"type":"cond-expr","locations":[{"start":{"line":180,"column":60},"end":{"line":180,"column":71}},{"start":{"line":180,"column":71},"end":{"line":180,"column":73}}],"line":180},"12":{"loc":{"start":{"line":187,"column":35},"end":{"line":187,"column":74}},"type":"cond-expr","locations":[{"start":{"line":187,"column":61},"end":{"line":187,"column":72}},{"start":{"line":187,"column":72},"end":{"line":187,"column":74}}],"line":187},"13":{"loc":{"start":{"line":247,"column":9},"end":{"line":303,"column":null}},"type":"binary-expr","locations":[{"start":{"line":247,"column":9},"end":{"line":247,"column":null}},{"start":{"line":248,"column":10},"end":{"line":303,"column":null}}],"line":247},"14":{"loc":{"start":{"line":255,"column":45},"end":{"line":255,"column":87}},"type":"cond-expr","locations":[{"start":{"line":255,"column":77},"end":{"line":255,"column":83}},{"start":{"line":255,"column":83},"end":{"line":255,"column":87}}],"line":255},"15":{"loc":{"start":{"line":257,"column":13},"end":{"line":301,"column":null}},"type":"binary-expr","locations":[{"start":{"line":257,"column":13},"end":{"line":257,"column":null}},{"start":{"line":258,"column":14},"end":{"line":301,"column":null}}],"line":257},"16":{"loc":{"start":{"line":307,"column":9},"end":{"line":392,"column":null}},"type":"binary-expr","locations":[{"start":{"line":307,"column":9},"end":{"line":307,"column":null}},{"start":{"line":308,"column":10},"end":{"line":392,"column":null}}],"line":307},"17":{"loc":{"start":{"line":315,"column":45},"end":{"line":315,"column":85}},"type":"cond-expr","locations":[{"start":{"line":315,"column":75},"end":{"line":315,"column":81}},{"start":{"line":315,"column":81},"end":{"line":315,"column":85}}],"line":315},"18":{"loc":{"start":{"line":317,"column":13},"end":{"line":390,"column":null}},"type":"binary-expr","locations":[{"start":{"line":317,"column":13},"end":{"line":317,"column":null}},{"start":{"line":318,"column":14},"end":{"line":390,"column":null}}],"line":317},"19":{"loc":{"start":{"line":396,"column":9},"end":{"line":479,"column":null}},"type":"binary-expr","locations":[{"start":{"line":396,"column":9},"end":{"line":396,"column":null}},{"start":{"line":397,"column":10},"end":{"line":479,"column":null}}],"line":396},"20":{"loc":{"start":{"line":404,"column":45},"end":{"line":404,"column":88}},"type":"cond-expr","locations":[{"start":{"line":404,"column":78},"end":{"line":404,"column":84}},{"start":{"line":404,"column":84},"end":{"line":404,"column":88}}],"line":404},"21":{"loc":{"start":{"line":406,"column":13},"end":{"line":477,"column":null}},"type":"binary-expr","locations":[{"start":{"line":406,"column":13},"end":{"line":406,"column":null}},{"start":{"line":407,"column":14},"end":{"line":477,"column":null}}],"line":406},"22":{"loc":{"start":{"line":483,"column":9},"end":{"line":538,"column":null}},"type":"binary-expr","locations":[{"start":{"line":483,"column":9},"end":{"line":483,"column":null}},{"start":{"line":484,"column":10},"end":{"line":538,"column":null}}],"line":483},"23":{"loc":{"start":{"line":491,"column":45},"end":{"line":491,"column":84}},"type":"cond-expr","locations":[{"start":{"line":491,"column":74},"end":{"line":491,"column":80}},{"start":{"line":491,"column":80},"end":{"line":491,"column":84}}],"line":491},"24":{"loc":{"start":{"line":493,"column":13},"end":{"line":536,"column":null}},"type":"binary-expr","locations":[{"start":{"line":493,"column":13},"end":{"line":493,"column":null}},{"start":{"line":494,"column":14},"end":{"line":536,"column":null}}],"line":493},"25":{"loc":{"start":{"line":583,"column":9},"end":{"line":607,"column":null}},"type":"binary-expr","locations":[{"start":{"line":583,"column":9},"end":{"line":583,"column":null}},{"start":{"line":584,"column":10},"end":{"line":607,"column":null}}],"line":583},"26":{"loc":{"start":{"line":622,"column":9},"end":{"line":622,"column":null}},"type":"binary-expr","locations":[{"start":{"line":622,"column":9},"end":{"line":622,"column":20}},{"start":{"line":622,"column":20},"end":{"line":622,"column":null}}],"line":622},"27":{"loc":{"start":{"line":623,"column":9},"end":{"line":623,"column":null}},"type":"binary-expr","locations":[{"start":{"line":623,"column":9},"end":{"line":623,"column":18}},{"start":{"line":623,"column":18},"end":{"line":623,"column":null}}],"line":623},"28":{"loc":{"start":{"line":627,"column":13},"end":{"line":627,"column":null}},"type":"cond-expr","locations":[{"start":{"line":627,"column":23},"end":{"line":627,"column":39}},{"start":{"line":627,"column":39},"end":{"line":627,"column":null}}],"line":627}},"s":{"0":1,"1":1,"2":1,"3":1,"4":1,"5":1,"6":1,"7":1,"8":1,"9":1,"10":1,"11":57,"12":1,"13":1,"14":450,"15":49,"16":450,"17":49,"18":49,"19":1,"20":1,"21":1,"22":0,"23":48,"24":450,"25":450,"26":450,"27":450,"28":66,"29":450,"30":427,"31":1,"32":427,"33":427,"34":1,"35":1,"36":370,"37":370,"38":370,"39":370,"40":1,"41":0,"42":1,"43":10,"44":10,"45":10,"46":10,"47":2,"48":2,"49":8,"50":8,"51":1,"52":1,"53":7,"54":1,"55":1,"56":6,"57":1,"58":1,"59":5,"60":1,"61":5,"62":5,"63":5,"64":5,"65":3,"66":3,"67":3,"68":3,"69":3,"70":450,"71":0,"72":17,"73":1,"74":272,"75":204,"76":0,"77":345,"78":552,"79":414,"80":0,"81":483,"82":207,"83":207,"84":0,"85":138,"86":4500},"f":{"0":57,"1":450,"2":49,"3":49,"4":66,"5":427,"6":1,"7":427,"8":1,"9":1,"10":370,"11":370,"12":1,"13":10,"14":3,"15":0,"16":17,"17":1,"18":272,"19":204,"20":0,"21":345,"22":552,"23":414,"24":0,"25":483,"26":207,"27":207,"28":0,"29":138,"30":4500},"b":{"0":[49,48],"1":[1,48],"2":[0,1],"3":[2,8],"4":[10,3],"5":[1,7],"6":[1,6],"7":[7,1],"8":[1,5],"9":[1,4],"10":[5,1],"11":[380,70],"12":[69,381],"13":[450,69],"14":[68,1],"15":[69,68],"16":[450,69],"17":[69,0],"18":[69,69],"19":[450,69],"20":[69,0],"21":[69,69],"22":[450,69],"23":[69,0],"24":[69,69],"25":[450,69],"26":[450,1],"27":[450,5],"28":[1,449]},"meta":{"lastBranch":29,"lastFunction":31,"lastStatement":87,"seen":{"s:4:23:15:Infinity":0,"s:17:21:17:Infinity":1,"s:18:15:18:Infinity":2,"s:19:17:19:Infinity":3,"s:20:23:20:Infinity":4,"s:21:24:21:Infinity":5,"s:22:25:22:Infinity":6,"s:23:21:23:Infinity":7,"s:24:24:24:Infinity":8,"s:25:20:25:Infinity":9,"s:28:27:62:Infinity":10,"f:28:27:28:34":0,"s:28:34:62:Infinity":11,"s:64:21:64:Infinity":12,"s:65:22:65:Infinity":13,"f:67:24:67:37":1,"s:68:30:70:Infinity":14,"f:68:43:68:49":2,"s:69:4:69:Infinity":15,"b:69:11:69:50:69:50:69:Infinity":0,"s:71:30:83:Infinity":16,"f:71:43:71:49":3,"s:72:18:72:Infinity":17,"b:73:4:81:Infinity:undefined:undefined:undefined:undefined":1,"s:73:4:81:Infinity":18,"s:74:6:80:Infinity":19,"s:75:23:75:Infinity":20,"s:77:8:77:Infinity":21,"s:79:8:79:Infinity":22,"s:82:4:82:Infinity":23,"s:84:24:84:Infinity":24,"s:85:28:85:Infinity":25,"s:86:46:91:Infinity":26,"s:94:2:96:Infinity":27,"f:94:12:94:18":4,"s:95:4:95:Infinity":28,"s:99:2:104:Infinity":29,"f:99:12:99:18":5,"s:100:22:102:Infinity":30,"f:100:33:100:39":6,"s:101:6:101:Infinity":31,"s:103:4:103:Infinity":32,"f:103:11:103:17":7,"s:103:17:103:Infinity":33,"f:106:11:106:25":8,"s:107:4:107:Infinity":34,"f:107:24:107:25":9,"s:107:35:107:74":35,"f:110:11:110:24":10,"s:111:28:111:Infinity":36,"s:112:4:112:Infinity":37,"f:112:16:112:17":11,"s:112:27:112:54":38,"s:113:4:113:Infinity":39,"f:117:11:117:24":12,"b:118:4:118:Infinity:undefined:undefined:undefined:undefined":2,"s:118:4:118:Infinity":40,"s:118:15:118:Infinity":41,"s:119:4:119:Infinity":42,"f:122:11:122:24":13,"s:123:4:123:Infinity":43,"s:124:4:124:Infinity":44,"s:125:4:125:Infinity":45,"b:128:4:131:Infinity:undefined:undefined:undefined:undefined":3,"s:128:4:131:Infinity":46,"b:128:8:128:27:128:27:128:44":4,"s:129:6:129:Infinity":47,"s:130:6:130:Infinity":48,"s:133:10:133:Infinity":49,"b:136:4:139:Infinity:undefined:undefined:undefined:undefined":5,"s:136:4:139:Infinity":50,"s:137:6:137:Infinity":51,"s:138:6:138:Infinity":52,"b:142:4:145:Infinity:undefined:undefined:undefined:undefined":6,"s:142:4:145:Infinity":53,"b:142:8:142:33:142:33:142:82":7,"s:143:6:143:Infinity":54,"s:144:6:144:Infinity":55,"b:148:4:151:Infinity:undefined:undefined:undefined:undefined":8,"s:148:4:151:Infinity":56,"s:149:6:149:Infinity":57,"s:150:6:150:Infinity":58,"b:154:4:156:Infinity:undefined:undefined:undefined:undefined":9,"s:154:4:156:Infinity":59,"b:154:8:154:25:154:25:154:55":10,"s:155:6:155:Infinity":60,"s:158:4:158:Infinity":61,"s:161:24:161:Infinity":62,"s:162:4:162:Infinity":63,"s:163:4:163:Infinity":64,"f:166:11:166:25":14,"s:167:24:167:Infinity":65,"s:168:4:168:Infinity":66,"s:169:4:169:Infinity":67,"s:170:4:170:Infinity":68,"s:171:4:171:Infinity":69,"s:174:2:634:Infinity":70,"b:180:60:180:71:180:71:180:73":11,"f:181:19:181:25":15,"s:181:25:181:Infinity":71,"b:187:61:187:72:187:72:187:74":12,"f:188:19:188:25":16,"s:188:25:188:Infinity":72,"b:247:9:247:Infinity:248:10:303:Infinity":13,"f:252:23:252:29":17,"s:252:29:252:Infinity":73,"b:255:77:255:83:255:83:255:87":14,"b:257:13:257:Infinity:258:14:301:Infinity":15,"f:280:42:280:43":18,"s:281:24:281:Infinity":74,"f:295:43:295:44":19,"s:296:24:296:Infinity":75,"b:307:9:307:Infinity:308:10:392:Infinity":16,"f:312:23:312:29":20,"s:312:29:312:Infinity":76,"b:315:75:315:81:315:81:315:85":17,"b:317:13:317:Infinity:318:14:390:Infinity":18,"f:330:40:330:41":21,"s:331:24:331:Infinity":77,"f:345:34:345:35":22,"s:346:24:346:Infinity":78,"f:384:36:384:37":23,"s:385:24:385:Infinity":79,"b:396:9:396:Infinity:397:10:479:Infinity":19,"f:401:23:401:29":24,"s:401:29:401:Infinity":80,"b:404:78:404:84:404:84:404:88":20,"b:406:13:406:Infinity:407:14:477:Infinity":21,"f:419:44:419:45":25,"s:420:24:420:Infinity":81,"f:434:40:434:41":26,"s:435:24:435:Infinity":82,"f:449:43:449:44":27,"s:450:24:450:Infinity":83,"b:483:9:483:Infinity:484:10:538:Infinity":22,"f:488:23:488:29":28,"s:488:29:488:Infinity":84,"b:491:74:491:80:491:80:491:84":23,"b:493:13:493:Infinity:494:14:536:Infinity":24,"f:530:39:530:40":29,"s:531:24:531:Infinity":85,"f:564:34:564:35":30,"s:565:16:565:Infinity":86,"b:583:9:583:Infinity:584:10:607:Infinity":25,"b:622:9:622:20:622:20:622:Infinity":26,"b:623:9:623:18:623:18:623:Infinity":27,"b:627:23:627:39:627:39:627:Infinity":28}}}
,"/Users/Arnab.Chakraborty/Desktop/Firebase/Firebase-CRUD-/src/components/EditCustomerModal.jsx": {"path":"/Users/Arnab.Chakraborty/Desktop/Firebase/Firebase-CRUD-/src/components/EditCustomerModal.jsx","statementMap":{"0":{"start":{"line":5,"column":23},"end":{"line":16,"column":null}},"1":{"start":{"line":18,"column":21},"end":{"line":18,"column":null}},"2":{"start":{"line":19,"column":15},"end":{"line":19,"column":null}},"3":{"start":{"line":20,"column":17},"end":{"line":20,"column":null}},"4":{"start":{"line":21,"column":23},"end":{"line":21,"column":null}},"5":{"start":{"line":22,"column":24},"end":{"line":22,"column":null}},"6":{"start":{"line":23,"column":25},"end":{"line":23,"column":null}},"7":{"start":{"line":24,"column":21},"end":{"line":24,"column":null}},"8":{"start":{"line":25,"column":24},"end":{"line":25,"column":null}},"9":{"start":{"line":26,"column":20},"end":{"line":26,"column":null}},"10":{"start":{"line":28,"column":22},"end":{"line":28,"column":null}},"11":{"start":{"line":31,"column":30},"end":{"line":33,"column":null}},"12":{"start":{"line":32,"column":4},"end":{"line":32,"column":null}},"13":{"start":{"line":34,"column":30},"end":{"line":61,"column":null}},"14":{"start":{"line":62,"column":24},"end":{"line":62,"column":null}},"15":{"start":{"line":63,"column":28},"end":{"line":63,"column":null}},"16":{"start":{"line":64,"column":38},"end":{"line":64,"column":null}},"17":{"start":{"line":65,"column":46},"end":{"line":70,"column":null}},"18":{"start":{"line":73,"column":2},"end":{"line":104,"column":null}},"19":{"start":{"line":74,"column":4},"end":{"line":103,"column":null}},"20":{"start":{"line":75,"column":6},"end":{"line":102,"column":null}},"21":{"start":{"line":107,"column":2},"end":{"line":109,"column":null}},"22":{"start":{"line":108,"column":4},"end":{"line":108,"column":null}},"23":{"start":{"line":112,"column":4},"end":{"line":112,"column":null}},"24":{"start":{"line":112,"column":35},"end":{"line":112,"column":74}},"25":{"start":{"line":116,"column":28},"end":{"line":116,"column":null}},"26":{"start":{"line":117,"column":4},"end":{"line":117,"column":null}},"27":{"start":{"line":117,"column":27},"end":{"line":117,"column":54}},"28":{"start":{"line":118,"column":4},"end":{"line":118,"column":null}},"29":{"start":{"line":122,"column":4},"end":{"line":122,"column":null}},"30":{"start":{"line":122,"column":15},"end":{"line":122,"column":null}},"31":{"start":{"line":123,"column":4},"end":{"line":123,"column":null}},"32":{"start":{"line":127,"column":4},"end":{"line":127,"column":null}},"33":{"start":{"line":128,"column":4},"end":{"line":128,"column":null}},"34":{"start":{"line":129,"column":4},"end":{"line":129,"column":null}},"35":{"start":{"line":131,"column":10},"end":{"line":131,"column":null}},"36":{"start":{"line":133,"column":4},"end":{"line":136,"column":null}},"37":{"start":{"line":134,"column":6},"end":{"line":134,"column":null}},"38":{"start":{"line":135,"column":6},"end":{"line":135,"column":null}},"39":{"start":{"line":138,"column":4},"end":{"line":141,"column":null}},"40":{"start":{"line":139,"column":6},"end":{"line":139,"column":null}},"41":{"start":{"line":140,"column":6},"end":{"line":140,"column":null}},"42":{"start":{"line":143,"column":4},"end":{"line":146,"column":null}},"43":{"start":{"line":144,"column":6},"end":{"line":144,"column":null}},"44":{"start":{"line":145,"column":6},"end":{"line":145,"column":null}},"45":{"start":{"line":148,"column":4},"end":{"line":150,"column":null}},"46":{"start":{"line":149,"column":6},"end":{"line":149,"column":null}},"47":{"start":{"line":152,"column":4},"end":{"line":152,"column":null}},"48":{"start":{"line":156,"column":2},"end":{"line":165,"column":null}},"49":{"start":{"line":157,"column":4},"end":{"line":157,"column":null}},"50":{"start":{"line":157,"column":16},"end":{"line":157,"column":null}},"51":{"start":{"line":159,"column":6},"end":{"line":161,"column":null}},"52":{"start":{"line":160,"column":8},"end":{"line":160,"column":null}},"53":{"start":{"line":163,"column":4},"end":{"line":163,"column":null}},"54":{"start":{"line":164,"column":4},"end":{"line":164,"column":null}},"55":{"start":{"line":164,"column":17},"end":{"line":164,"column":null}},"56":{"start":{"line":168,"column":2},"end":{"line":174,"column":null}},"57":{"start":{"line":169,"column":4},"end":{"line":169,"column":null}},"58":{"start":{"line":169,"column":33},"end":{"line":169,"column":null}},"59":{"start":{"line":170,"column":4},"end":{"line":170,"column":null}},"60":{"start":{"line":171,"column":4},"end":{"line":173,"column":null}},"61":{"start":{"line":172,"column":6},"end":{"line":172,"column":null}},"62":{"start":{"line":177,"column":2},"end":{"line":186,"column":null}},"63":{"start":{"line":178,"column":4},"end":{"line":178,"column":null}},"64":{"start":{"line":178,"column":34},"end":{"line":178,"column":null}},"65":{"start":{"line":180,"column":6},"end":{"line":182,"column":null}},"66":{"start":{"line":181,"column":8},"end":{"line":181,"column":null}},"67":{"start":{"line":184,"column":4},"end":{"line":184,"column":null}},"68":{"start":{"line":185,"column":4},"end":{"line":185,"column":null}},"69":{"start":{"line":185,"column":17},"end":{"line":185,"column":null}},"70":{"start":{"line":189,"column":4},"end":{"line":658,"column":null}},"71":{"start":{"line":195,"column":25},"end":{"line":195,"column":null}},"72":{"start":{"line":202,"column":25},"end":{"line":202,"column":null}},"73":{"start":{"line":264,"column":31},"end":{"line":264,"column":null}},"74":{"start":{"line":293,"column":26},"end":{"line":293,"column":null}},"75":{"start":{"line":308,"column":26},"end":{"line":308,"column":null}},"76":{"start":{"line":324,"column":31},"end":{"line":324,"column":null}},"77":{"start":{"line":343,"column":26},"end":{"line":343,"column":null}},"78":{"start":{"line":358,"column":26},"end":{"line":358,"column":null}},"79":{"start":{"line":397,"column":26},"end":{"line":397,"column":null}},"80":{"start":{"line":413,"column":31},"end":{"line":413,"column":null}},"81":{"start":{"line":432,"column":26},"end":{"line":432,"column":null}},"82":{"start":{"line":447,"column":26},"end":{"line":447,"column":null}},"83":{"start":{"line":462,"column":26},"end":{"line":462,"column":null}},"84":{"start":{"line":500,"column":31},"end":{"line":500,"column":null}},"85":{"start":{"line":543,"column":26},"end":{"line":543,"column":null}},"86":{"start":{"line":577,"column":18},"end":{"line":577,"column":null}},"87":{"start":{"line":662,"column":2},"end":{"line":692,"column":null}},"88":{"start":{"line":664,"column":6},"end":{"line":679,"column":null}},"89":{"start":{"line":671,"column":29},"end":{"line":671,"column":null}},"90":{"start":{"line":682,"column":4},"end":{"line":689,"column":null}},"91":{"start":{"line":683,"column":6},"end":{"line":688,"column":null}},"92":{"start":{"line":691,"column":4},"end":{"line":691,"column":null}},"93":{"start":{"line":695,"column":2},"end":{"line":704,"column":null}},"94":{"start":{"line":697,"column":53},"end":{"line":697,"column":null}}},"fnMap":{"0":{"name":"EditCustomerModal","decl":{"start":{"line":30,"column":24},"end":{"line":30,"column":42}},"loc":{"start":{"line":30,"column":98},"end":{"line":706,"column":null}},"line":30},"1":{"name":"(anonymous_1)","decl":{"start":{"line":31,"column":43},"end":{"line":31,"column":49}},"loc":{"start":{"line":31,"column":49},"end":{"line":33,"column":3}},"line":31},"2":{"name":"(anonymous_2)","decl":{"start":{"line":73,"column":12},"end":{"line":73,"column":18}},"loc":{"start":{"line":73,"column":18},"end":{"line":104,"column":5}},"line":73},"3":{"name":"(anonymous_3)","decl":{"start":{"line":107,"column":12},"end":{"line":107,"column":18}},"loc":{"start":{"line":107,"column":18},"end":{"line":109,"column":5}},"line":107},"4":{"name":"toggleSection","decl":{"start":{"line":111,"column":11},"end":{"line":111,"column":25}},"loc":{"start":{"line":111,"column":34},"end":{"line":113,"column":null}},"line":111},"5":{"name":"(anonymous_5)","decl":{"start":{"line":112,"column":24},"end":{"line":112,"column":25}},"loc":{"start":{"line":112,"column":35},"end":{"line":112,"column":74}},"line":112},"6":{"name":"handleChange","decl":{"start":{"line":115,"column":11},"end":{"line":115,"column":24}},"loc":{"start":{"line":115,"column":27},"end":{"line":119,"column":null}},"line":115},"7":{"name":"(anonymous_7)","decl":{"start":{"line":117,"column":16},"end":{"line":117,"column":17}},"loc":{"start":{"line":117,"column":27},"end":{"line":117,"column":54}},"line":117},"8":{"name":"validateIMEI","decl":{"start":{"line":121,"column":11},"end":{"line":121,"column":24}},"loc":{"start":{"line":121,"column":30},"end":{"line":124,"column":null}},"line":121},"9":{"name":"handleSubmit","decl":{"start":{"line":126,"column":11},"end":{"line":126,"column":24}},"loc":{"start":{"line":126,"column":27},"end":{"line":153,"column":null}},"line":126},"10":{"name":"(anonymous_10)","decl":{"start":{"line":156,"column":12},"end":{"line":156,"column":18}},"loc":{"start":{"line":156,"column":18},"end":{"line":165,"column":5}},"line":156},"11":{"name":"handleKeyDown","decl":{"start":{"line":158,"column":13},"end":{"line":158,"column":27}},"loc":{"start":{"line":158,"column":30},"end":{"line":162,"column":null}},"line":158},"12":{"name":"(anonymous_12)","decl":{"start":{"line":164,"column":11},"end":{"line":164,"column":17}},"loc":{"start":{"line":164,"column":17},"end":{"line":164,"column":null}},"line":164},"13":{"name":"(anonymous_13)","decl":{"start":{"line":168,"column":12},"end":{"line":168,"column":18}},"loc":{"start":{"line":168,"column":18},"end":{"line":174,"column":5}},"line":168},"14":{"name":"(anonymous_14)","decl":{"start":{"line":171,"column":11},"end":{"line":171,"column":17}},"loc":{"start":{"line":171,"column":17},"end":{"line":173,"column":null}},"line":171},"15":{"name":"(anonymous_15)","decl":{"start":{"line":177,"column":12},"end":{"line":177,"column":18}},"loc":{"start":{"line":177,"column":18},"end":{"line":186,"column":5}},"line":177},"16":{"name":"handleKeyDown","decl":{"start":{"line":179,"column":13},"end":{"line":179,"column":27}},"loc":{"start":{"line":179,"column":30},"end":{"line":183,"column":null}},"line":179},"17":{"name":"(anonymous_17)","decl":{"start":{"line":185,"column":11},"end":{"line":185,"column":17}},"loc":{"start":{"line":185,"column":17},"end":{"line":185,"column":null}},"line":185},"18":{"name":"(anonymous_18)","decl":{"start":{"line":195,"column":19},"end":{"line":195,"column":25}},"loc":{"start":{"line":195,"column":25},"end":{"line":195,"column":null}},"line":195},"19":{"name":"(anonymous_19)","decl":{"start":{"line":202,"column":19},"end":{"line":202,"column":25}},"loc":{"start":{"line":202,"column":25},"end":{"line":202,"column":null}},"line":202},"20":{"name":"(anonymous_20)","decl":{"start":{"line":264,"column":25},"end":{"line":264,"column":31}},"loc":{"start":{"line":264,"column":31},"end":{"line":264,"column":null}},"line":264},"21":{"name":"(anonymous_21)","decl":{"start":{"line":292,"column":44},"end":{"line":292,"column":45}},"loc":{"start":{"line":293,"column":26},"end":{"line":293,"column":null}},"line":293},"22":{"name":"(anonymous_22)","decl":{"start":{"line":307,"column":45},"end":{"line":307,"column":46}},"loc":{"start":{"line":308,"column":26},"end":{"line":308,"column":null}},"line":308},"23":{"name":"(anonymous_23)","decl":{"start":{"line":324,"column":25},"end":{"line":324,"column":31}},"loc":{"start":{"line":324,"column":31},"end":{"line":324,"column":null}},"line":324},"24":{"name":"(anonymous_24)","decl":{"start":{"line":342,"column":42},"end":{"line":342,"column":43}},"loc":{"start":{"line":343,"column":26},"end":{"line":343,"column":null}},"line":343},"25":{"name":"(anonymous_25)","decl":{"start":{"line":357,"column":36},"end":{"line":357,"column":37}},"loc":{"start":{"line":358,"column":26},"end":{"line":358,"column":null}},"line":358},"26":{"name":"(anonymous_26)","decl":{"start":{"line":396,"column":38},"end":{"line":396,"column":39}},"loc":{"start":{"line":397,"column":26},"end":{"line":397,"column":null}},"line":397},"27":{"name":"(anonymous_27)","decl":{"start":{"line":413,"column":25},"end":{"line":413,"column":31}},"loc":{"start":{"line":413,"column":31},"end":{"line":413,"column":null}},"line":413},"28":{"name":"(anonymous_28)","decl":{"start":{"line":431,"column":46},"end":{"line":431,"column":47}},"loc":{"start":{"line":432,"column":26},"end":{"line":432,"column":null}},"line":432},"29":{"name":"(anonymous_29)","decl":{"start":{"line":446,"column":42},"end":{"line":446,"column":43}},"loc":{"start":{"line":447,"column":26},"end":{"line":447,"column":null}},"line":447},"30":{"name":"(anonymous_30)","decl":{"start":{"line":461,"column":45},"end":{"line":461,"column":46}},"loc":{"start":{"line":462,"column":26},"end":{"line":462,"column":null}},"line":462},"31":{"name":"(anonymous_31)","decl":{"start":{"line":500,"column":25},"end":{"line":500,"column":31}},"loc":{"start":{"line":500,"column":31},"end":{"line":500,"column":null}},"line":500},"32":{"name":"(anonymous_32)","decl":{"start":{"line":542,"column":41},"end":{"line":542,"column":42}},"loc":{"start":{"line":543,"column":26},"end":{"line":543,"column":null}},"line":543},"33":{"name":"(anonymous_33)","decl":{"start":{"line":576,"column":36},"end":{"line":576,"column":37}},"loc":{"start":{"line":577,"column":18},"end":{"line":577,"column":null}},"line":577},"34":{"name":"(anonymous_34)","decl":{"start":{"line":671,"column":23},"end":{"line":671,"column":29}},"loc":{"start":{"line":671,"column":29},"end":{"line":671,"column":null}},"line":671},"35":{"name":"(anonymous_35)","decl":{"start":{"line":697,"column":46},"end":{"line":697,"column":47}},"loc":{"start":{"line":697,"column":53},"end":{"line":697,"column":null}},"line":697}},"branchMap":{"0":{"loc":{"start":{"line":30,"column":80},"end":{"line":30,"column":95}},"type":"default-arg","locations":[{"start":{"line":30,"column":89},"end":{"line":30,"column":95}}],"line":30},"1":{"loc":{"start":{"line":32,"column":11},"end":{"line":32,"column":null}},"type":"binary-expr","locations":[{"start":{"line":32,"column":11},"end":{"line":32,"column":50}},{"start":{"line":32,"column":50},"end":{"line":32,"column":null}}],"line":32},"2":{"loc":{"start":{"line":74,"column":4},"end":{"line":103,"column":null}},"type":"if","locations":[{"start":{"line":74,"column":4},"end":{"line":103,"column":null}},{"start":{},"end":{}}],"line":74},"3":{"loc":{"start":{"line":76,"column":14},"end":{"line":76,"column":null}},"type":"binary-expr","locations":[{"start":{"line":76,"column":14},"end":{"line":76,"column":31}},{"start":{"line":76,"column":31},"end":{"line":76,"column":null}}],"line":76},"4":{"loc":{"start":{"line":77,"column":15},"end":{"line":77,"column":null}},"type":"binary-expr","locations":[{"start":{"line":77,"column":15},"end":{"line":77,"column":33}},{"start":{"line":77,"column":33},"end":{"line":77,"column":null}}],"line":77},"5":{"loc":{"start":{"line":78,"column":15},"end":{"line":78,"column":null}},"type":"binary-expr","locations":[{"start":{"line":78,"column":15},"end":{"line":78,"column":33}},{"start":{"line":78,"column":33},"end":{"line":78,"column":null}}],"line":78},"6":{"loc":{"start":{"line":79,"column":17},"end":{"line":79,"column":null}},"type":"binary-expr","locations":[{"start":{"line":79,"column":17},"end":{"line":79,"column":37}},{"start":{"line":79,"column":37},"end":{"line":79,"column":null}}],"line":79},"7":{"loc":{"start":{"line":80,"column":24},"end":{"line":80,"column":null}},"type":"binary-expr","locations":[{"start":{"line":80,"column":24},"end":{"line":80,"column":51}},{"start":{"line":80,"column":51},"end":{"line":80,"column":null}}],"line":80},"8":{"loc":{"start":{"line":81,"column":22},"end":{"line":81,"column":null}},"type":"binary-expr","locations":[{"start":{"line":81,"column":22},"end":{"line":81,"column":47}},{"start":{"line":81,"column":47},"end":{"line":81,"column":null}}],"line":81},"9":{"loc":{"start":{"line":82,"column":16},"end":{"line":82,"column":null}},"type":"binary-expr","locations":[{"start":{"line":82,"column":16},"end":{"line":82,"column":35}},{"start":{"line":82,"column":35},"end":{"line":82,"column":null}}],"line":82},"10":{"loc":{"start":{"line":83,"column":15},"end":{"line":83,"column":null}},"type":"binary-expr","locations":[{"start":{"line":83,"column":15},"end":{"line":83,"column":33}},{"start":{"line":83,"column":33},"end":{"line":83,"column":null}}],"line":83},"11":{"loc":{"start":{"line":84,"column":24},"end":{"line":84,"column":null}},"type":"binary-expr","locations":[{"start":{"line":84,"column":24},"end":{"line":84,"column":51}},{"start":{"line":84,"column":51},"end":{"line":84,"column":null}}],"line":84},"12":{"loc":{"start":{"line":85,"column":22},"end":{"line":85,"column":null}},"type":"binary-expr","locations":[{"start":{"line":85,"column":22},"end":{"line":85,"column":47}},{"start":{"line":85,"column":47},"end":{"line":85,"column":null}}],"line":85},"13":{"loc":{"start":{"line":86,"column":26},"end":{"line":86,"column":null}},"type":"binary-expr","locations":[{"start":{"line":86,"column":26},"end":{"line":86,"column":55}},{"start":{"line":86,"column":55},"end":{"line":86,"column":null}}],"line":86},"14":{"loc":{"start":{"line":87,"column":20},"end":{"line":87,"column":null}},"type":"binary-expr","locations":[{"start":{"line":87,"column":20},"end":{"line":87,"column":43}},{"start":{"line":87,"column":43},"end":{"line":87,"column":null}}],"line":87},"15":{"loc":{"start":{"line":88,"column":15},"end":{"line":88,"column":null}},"type":"binary-expr","locations":[{"start":{"line":88,"column":15},"end":{"line":88,"column":33}},{"start":{"line":88,"column":33},"end":{"line":88,"column":null}}],"line":88},"16":{"loc":{"start":{"line":89,"column":15},"end":{"line":89,"column":null}},"type":"binary-expr","locations":[{"start":{"line":89,"column":15},"end":{"line":89,"column":33}},{"start":{"line":89,"column":33},"end":{"line":89,"column":null}}],"line":89},"17":{"loc":{"start":{"line":90,"column":14},"end":{"line":90,"column":null}},"type":"binary-expr","locations":[{"start":{"line":90,"column":14},"end":{"line":90,"column":31}},{"start":{"line":90,"column":31},"end":{"line":90,"column":null}}],"line":90},"18":{"loc":{"start":{"line":91,"column":17},"end":{"line":91,"column":null}},"type":"binary-expr","locations":[{"start":{"line":91,"column":17},"end":{"line":91,"column":37}},{"start":{"line":91,"column":37},"end":{"line":91,"column":null}}],"line":91},"19":{"loc":{"start":{"line":92,"column":23},"end":{"line":92,"column":null}},"type":"binary-expr","locations":[{"start":{"line":92,"column":23},"end":{"line":92,"column":49}},{"start":{"line":92,"column":49},"end":{"line":92,"column":null}}],"line":92},"20":{"loc":{"start":{"line":93,"column":26},"end":{"line":93,"column":null}},"type":"binary-expr","locations":[{"start":{"line":93,"column":26},"end":{"line":93,"column":55}},{"start":{"line":93,"column":55},"end":{"line":93,"column":null}}],"line":93},"21":{"loc":{"start":{"line":94,"column":20},"end":{"line":94,"column":null}},"type":"binary-expr","locations":[{"start":{"line":94,"column":20},"end":{"line":94,"column":43}},{"start":{"line":94,"column":43},"end":{"line":94,"column":null}}],"line":94},"22":{"loc":{"start":{"line":95,"column":18},"end":{"line":95,"column":null}},"type":"binary-expr","locations":[{"start":{"line":95,"column":18},"end":{"line":95,"column":39}},{"start":{"line":95,"column":39},"end":{"line":95,"column":null}}],"line":95},"23":{"loc":{"start":{"line":96,"column":23},"end":{"line":96,"column":null}},"type":"binary-expr","locations":[{"start":{"line":96,"column":23},"end":{"line":96,"column":49}},{"start":{"line":96,"column":49},"end":{"line":96,"column":null}}],"line":96},"24":{"loc":{"start":{"line":97,"column":21},"end":{"line":97,"column":null}},"type":"binary-expr","locations":[{"start":{"line":97,"column":21},"end":{"line":97,"column":45}},{"start":{"line":97,"column":45},"end":{"line":97,"column":null}}],"line":97},"25":{"loc":{"start":{"line":98,"column":19},"end":{"line":98,"column":null}},"type":"binary-expr","locations":[{"start":{"line":98,"column":19},"end":{"line":98,"column":41}},{"start":{"line":98,"column":41},"end":{"line":98,"column":null}}],"line":98},"26":{"loc":{"start":{"line":99,"column":28},"end":{"line":99,"column":null}},"type":"binary-expr","locations":[{"start":{"line":99,"column":28},"end":{"line":99,"column":59}},{"start":{"line":99,"column":59},"end":{"line":99,"column":null}}],"line":99},"27":{"loc":{"start":{"line":100,"column":25},"end":{"line":100,"column":null}},"type":"binary-expr","locations":[{"start":{"line":100,"column":25},"end":{"line":100,"column":53}},{"start":{"line":100,"column":53},"end":{"line":100,"column":null}}],"line":100},"28":{"loc":{"start":{"line":101,"column":28},"end":{"line":101,"column":null}},"type":"binary-expr","locations":[{"start":{"line":101,"column":28},"end":{"line":101,"column":59}},{"start":{"line":101,"column":59},"end":{"line":101,"column":null}}],"line":101},"29":{"loc":{"start":{"line":122,"column":4},"end":{"line":122,"column":null}},"type":"if","locations":[{"start":{"line":122,"column":4},"end":{"line":122,"column":null}},{"start":{},"end":{}}],"line":122},"30":{"loc":{"start":{"line":133,"column":4},"end":{"line":136,"column":null}},"type":"if","locations":[{"start":{"line":133,"column":4},"end":{"line":136,"column":null}},{"start":{},"end":{}}],"line":133},"31":{"loc":{"start":{"line":138,"column":4},"end":{"line":141,"column":null}},"type":"if","locations":[{"start":{"line":138,"column":4},"end":{"line":141,"column":null}},{"start":{},"end":{}}],"line":138},"32":{"loc":{"start":{"line":138,"column":8},"end":{"line":138,"column":82}},"type":"binary-expr","locations":[{"start":{"line":138,"column":8},"end":{"line":138,"column":33}},{"start":{"line":138,"column":33},"end":{"line":138,"column":82}}],"line":138},"33":{"loc":{"start":{"line":143,"column":4},"end":{"line":146,"column":null}},"type":"if","locations":[{"start":{"line":143,"column":4},"end":{"line":146,"column":null}},{"start":{},"end":{}}],"line":143},"34":{"loc":{"start":{"line":148,"column":4},"end":{"line":150,"column":null}},"type":"if","locations":[{"start":{"line":148,"column":4},"end":{"line":150,"column":null}},{"start":{},"end":{}}],"line":148},"35":{"loc":{"start":{"line":148,"column":8},"end":{"line":148,"column":55}},"type":"binary-expr","locations":[{"start":{"line":148,"column":8},"end":{"line":148,"column":25}},{"start":{"line":148,"column":25},"end":{"line":148,"column":55}}],"line":148},"36":{"loc":{"start":{"line":157,"column":4},"end":{"line":157,"column":null}},"type":"if","locations":[{"start":{"line":157,"column":4},"end":{"line":157,"column":null}},{"start":{},"end":{}}],"line":157},"37":{"loc":{"start":{"line":159,"column":6},"end":{"line":161,"column":null}},"type":"if","locations":[{"start":{"line":159,"column":6},"end":{"line":161,"column":null}},{"start":{},"end":{}}],"line":159},"38":{"loc":{"start":{"line":169,"column":4},"end":{"line":169,"column":null}},"type":"if","locations":[{"start":{"line":169,"column":4},"end":{"line":169,"column":null}},{"start":{},"end":{}}],"line":169},"39":{"loc":{"start":{"line":169,"column":8},"end":{"line":169,"column":33}},"type":"binary-expr","locations":[{"start":{"line":169,"column":8},"end":{"line":169,"column":18}},{"start":{"line":169,"column":18},"end":{"line":169,"column":33}}],"line":169},"40":{"loc":{"start":{"line":178,"column":4},"end":{"line":178,"column":null}},"type":"if","locations":[{"start":{"line":178,"column":4},"end":{"line":178,"column":null}},{"start":{},"end":{}}],"line":178},"41":{"loc":{"start":{"line":178,"column":8},"end":{"line":178,"column":34}},"type":"binary-expr","locations":[{"start":{"line":178,"column":8},"end":{"line":178,"column":19}},{"start":{"line":178,"column":19},"end":{"line":178,"column":34}}],"line":178},"42":{"loc":{"start":{"line":180,"column":6},"end":{"line":182,"column":null}},"type":"if","locations":[{"start":{"line":180,"column":6},"end":{"line":182,"column":null}},{"start":{},"end":{}}],"line":180},"43":{"loc":{"start":{"line":194,"column":35},"end":{"line":194,"column":73}},"type":"cond-expr","locations":[{"start":{"line":194,"column":60},"end":{"line":194,"column":71}},{"start":{"line":194,"column":71},"end":{"line":194,"column":73}}],"line":194},"44":{"loc":{"start":{"line":201,"column":35},"end":{"line":201,"column":74}},"type":"cond-expr","locations":[{"start":{"line":201,"column":61},"end":{"line":201,"column":72}},{"start":{"line":201,"column":72},"end":{"line":201,"column":74}}],"line":201},"45":{"loc":{"start":{"line":259,"column":11},"end":{"line":315,"column":null}},"type":"binary-expr","locations":[{"start":{"line":259,"column":11},"end":{"line":259,"column":null}},{"start":{"line":260,"column":12},"end":{"line":315,"column":null}}],"line":259},"46":{"loc":{"start":{"line":267,"column":47},"end":{"line":267,"column":89}},"type":"cond-expr","locations":[{"start":{"line":267,"column":79},"end":{"line":267,"column":85}},{"start":{"line":267,"column":85},"end":{"line":267,"column":89}}],"line":267},"47":{"loc":{"start":{"line":269,"column":15},"end":{"line":313,"column":null}},"type":"binary-expr","locations":[{"start":{"line":269,"column":15},"end":{"line":269,"column":null}},{"start":{"line":270,"column":16},"end":{"line":313,"column":null}}],"line":269},"48":{"loc":{"start":{"line":319,"column":11},"end":{"line":404,"column":null}},"type":"binary-expr","locations":[{"start":{"line":319,"column":11},"end":{"line":319,"column":null}},{"start":{"line":320,"column":12},"end":{"line":404,"column":null}}],"line":319},"49":{"loc":{"start":{"line":327,"column":47},"end":{"line":327,"column":87}},"type":"cond-expr","locations":[{"start":{"line":327,"column":77},"end":{"line":327,"column":83}},{"start":{"line":327,"column":83},"end":{"line":327,"column":87}}],"line":327},"50":{"loc":{"start":{"line":329,"column":15},"end":{"line":402,"column":null}},"type":"binary-expr","locations":[{"start":{"line":329,"column":15},"end":{"line":329,"column":null}},{"start":{"line":330,"column":16},"end":{"line":402,"column":null}}],"line":329},"51":{"loc":{"start":{"line":408,"column":11},"end":{"line":491,"column":null}},"type":"binary-expr","locations":[{"start":{"line":408,"column":11},"end":{"line":408,"column":null}},{"start":{"line":409,"column":12},"end":{"line":491,"column":null}}],"line":408},"52":{"loc":{"start":{"line":416,"column":47},"end":{"line":416,"column":90}},"type":"cond-expr","locations":[{"start":{"line":416,"column":80},"end":{"line":416,"column":86}},{"start":{"line":416,"column":86},"end":{"line":416,"column":90}}],"line":416},"53":{"loc":{"start":{"line":418,"column":15},"end":{"line":489,"column":null}},"type":"binary-expr","locations":[{"start":{"line":418,"column":15},"end":{"line":418,"column":null}},{"start":{"line":419,"column":16},"end":{"line":489,"column":null}}],"line":418},"54":{"loc":{"start":{"line":495,"column":11},"end":{"line":550,"column":null}},"type":"binary-expr","locations":[{"start":{"line":495,"column":11},"end":{"line":495,"column":null}},{"start":{"line":496,"column":12},"end":{"line":550,"column":null}}],"line":495},"55":{"loc":{"start":{"line":503,"column":47},"end":{"line":503,"column":86}},"type":"cond-expr","locations":[{"start":{"line":503,"column":76},"end":{"line":503,"column":82}},{"start":{"line":503,"column":82},"end":{"line":503,"column":86}}],"line":503},"56":{"loc":{"start":{"line":505,"column":15},"end":{"line":548,"column":null}},"type":"binary-expr","locations":[{"start":{"line":505,"column":15},"end":{"line":505,"column":null}},{"start":{"line":506,"column":16},"end":{"line":548,"column":null}}],"line":505},"57":{"loc":{"start":{"line":595,"column":11},"end":{"line":619,"column":null}},"type":"binary-expr","locations":[{"start":{"line":595,"column":11},"end":{"line":595,"column":null}},{"start":{"line":596,"column":12},"end":{"line":619,"column":null}}],"line":595},"58":{"loc":{"start":{"line":634,"column":11},"end":{"line":634,"column":null}},"type":"binary-expr","locations":[{"start":{"line":634,"column":11},"end":{"line":634,"column":22}},{"start":{"line":634,"column":22},"end":{"line":634,"column":null}}],"line":634},"59":{"loc":{"start":{"line":635,"column":11},"end":{"line":635,"column":null}},"type":"binary-expr","locations":[{"start":{"line":635,"column":11},"end":{"line":635,"column":20}},{"start":{"line":635,"column":20},"end":{"line":635,"column":null}}],"line":635},"60":{"loc":{"start":{"line":637,"column":11},"end":{"line":645,"column":null}},"type":"binary-expr","locations":[{"start":{"line":637,"column":11},"end":{"line":637,"column":null}},{"start":{"line":638,"column":12},"end":{"line":645,"column":null}}],"line":637},"61":{"loc":{"start":{"line":643,"column":17},"end":{"line":643,"column":null}},"type":"cond-expr","locations":[{"start":{"line":643,"column":27},"end":{"line":643,"column":43}},{"start":{"line":643,"column":43},"end":{"line":643,"column":null}}],"line":643},"62":{"loc":{"start":{"line":648,"column":9},"end":{"line":656,"column":null}},"type":"binary-expr","locations":[{"start":{"line":648,"column":9},"end":{"line":648,"column":null}},{"start":{"line":649,"column":10},"end":{"line":656,"column":null}}],"line":648},"63":{"loc":{"start":{"line":654,"column":15},"end":{"line":654,"column":null}},"type":"cond-expr","locations":[{"start":{"line":654,"column":25},"end":{"line":654,"column":41}},{"start":{"line":654,"column":41},"end":{"line":654,"column":null}}],"line":654},"64":{"loc":{"start":{"line":662,"column":2},"end":{"line":692,"column":null}},"type":"if","locations":[{"start":{"line":662,"column":2},"end":{"line":692,"column":null}},{"start":{},"end":{}}],"line":662},"65":{"loc":{"start":{"line":664,"column":47},"end":{"line":664,"column":79}},"type":"cond-expr","locations":[{"start":{"line":664,"column":62},"end":{"line":664,"column":77}},{"start":{"line":664,"column":77},"end":{"line":664,"column":79}}],"line":664},"66":{"loc":{"start":{"line":672,"column":21},"end":{"line":672,"column":null}},"type":"cond-expr","locations":[{"start":{"line":672,"column":36},"end":{"line":672,"column":56}},{"start":{"line":672,"column":56},"end":{"line":672,"column":null}}],"line":672},"67":{"loc":{"start":{"line":674,"column":15},"end":{"line":674,"column":null}},"type":"cond-expr","locations":[{"start":{"line":674,"column":30},"end":{"line":674,"column":36}},{"start":{"line":674,"column":36},"end":{"line":674,"column":null}}],"line":674},"68":{"loc":{"start":{"line":682,"column":4},"end":{"line":689,"column":null}},"type":"if","locations":[{"start":{"line":682,"column":4},"end":{"line":689,"column":null}},{"start":{},"end":{}}],"line":682}},"s":{"0":1,"1":1,"2":1,"3":1,"4":1,"5":1,"6":1,"7":1,"8":1,"9":1,"10":1,"11":160,"12":32,"13":160,"14":160,"15":160,"16":160,"17":160,"18":160,"19":32,"20":32,"21":160,"22":42,"23":1,"24":1,"25":79,"26":79,"27":79,"28":79,"29":3,"30":0,"31":3,"32":6,"33":6,"34":6,"35":6,"36":6,"37":1,"38":1,"39":5,"40":1,"41":1,"42":4,"43":1,"44":1,"45":3,"46":1,"47":3,"48":160,"49":32,"50":0,"51":96,"52":0,"53":32,"54":32,"55":32,"56":160,"57":32,"58":0,"59":32,"60":32,"61":32,"62":160,"63":32,"64":32,"65":0,"66":0,"67":0,"68":0,"69":0,"70":160,"71":0,"72":10,"73":0,"74":140,"75":105,"76":1,"77":170,"78":272,"79":204,"80":0,"81":245,"82":105,"83":105,"84":0,"85":70,"86":1600,"87":160,"88":0,"89":0,"90":0,"91":0,"92":0,"93":160,"94":29},"f":{"0":160,"1":32,"2":32,"3":42,"4":1,"5":1,"6":79,"7":79,"8":3,"9":6,"10":32,"11":96,"12":32,"13":32,"14":32,"15":32,"16":0,"17":0,"18":0,"19":10,"20":0,"21":140,"22":105,"23":1,"24":170,"25":272,"26":204,"27":0,"28":245,"29":105,"30":105,"31":0,"32":70,"33":1600,"34":0,"35":29},"b":{"0":[160],"1":[32,32],"2":[32,0],"3":[32,0],"4":[32,1],"5":[32,0],"6":[32,1],"7":[32,0],"8":[32,1],"9":[32,0],"10":[32,1],"11":[32,1],"12":[32,1],"13":[32,1],"14":[32,1],"15":[32,1],"16":[32,1],"17":[32,1],"18":[32,1],"19":[32,1],"20":[32,1],"21":[32,1],"22":[32,1],"23":[32,1],"24":[32,1],"25":[32,1],"26":[32,1],"27":[32,1],"28":[32,1],"29":[0,3],"30":[1,5],"31":[1,4],"32":[5,5],"33":[1,3],"34":[1,2],"35":[3,3],"36":[0,32],"37":[0,96],"38":[0,32],"39":[32,0],"40":[32,0],"41":[32,0],"42":[0,0],"43":[125,35],"44":[35,125],"45":[160,35],"46":[35,0],"47":[35,35],"48":[160,35],"49":[34,1],"50":[35,34],"51":[160,35],"52":[35,0],"53":[35,35],"54":[160,35],"55":[35,0],"56":[35,35],"57":[160,35],"58":[160,1],"59":[160,3],"60":[160,160],"61":[2,158],"62":[160,0],"63":[0,0],"64":[0,160],"65":[0,0],"66":[0,0],"67":[0,0],"68":[0,0]},"meta":{"lastBranch":69,"lastFunction":36,"lastStatement":95,"seen":{"s:5:23:16:Infinity":0,"s:18:21:18:Infinity":1,"s:19:15:19:Infinity":2,"s:20:17:20:Infinity":3,"s:21:23:21:Infinity":4,"s:22:24:22:Infinity":5,"s:23:25:23:Infinity":6,"s:24:21:24:Infinity":7,"s:25:24:25:Infinity":8,"s:26:20:26:Infinity":9,"s:28:22:28:Infinity":10,"f:30:24:30:42":0,"b:30:89:30:95":0,"s:31:30:33:Infinity":11,"f:31:43:31:49":1,"s:32:4:32:Infinity":12,"b:32:11:32:50:32:50:32:Infinity":1,"s:34:30:61:Infinity":13,"s:62:24:62:Infinity":14,"s:63:28:63:Infinity":15,"s:64:38:64:Infinity":16,"s:65:46:70:Infinity":17,"s:73:2:104:Infinity":18,"f:73:12:73:18":2,"b:74:4:103:Infinity:undefined:undefined:undefined:undefined":2,"s:74:4:103:Infinity":19,"s:75:6:102:Infinity":20,"b:76:14:76:31:76:31:76:Infinity":3,"b:77:15:77:33:77:33:77:Infinity":4,"b:78:15:78:33:78:33:78:Infinity":5,"b:79:17:79:37:79:37:79:Infinity":6,"b:80:24:80:51:80:51:80:Infinity":7,"b:81:22:81:47:81:47:81:Infinity":8,"b:82:16:82:35:82:35:82:Infinity":9,"b:83:15:83:33:83:33:83:Infinity":10,"b:84:24:84:51:84:51:84:Infinity":11,"b:85:22:85:47:85:47:85:Infinity":12,"b:86:26:86:55:86:55:86:Infinity":13,"b:87:20:87:43:87:43:87:Infinity":14,"b:88:15:88:33:88:33:88:Infinity":15,"b:89:15:89:33:89:33:89:Infinity":16,"b:90:14:90:31:90:31:90:Infinity":17,"b:91:17:91:37:91:37:91:Infinity":18,"b:92:23:92:49:92:49:92:Infinity":19,"b:93:26:93:55:93:55:93:Infinity":20,"b:94:20:94:43:94:43:94:Infinity":21,"b:95:18:95:39:95:39:95:Infinity":22,"b:96:23:96:49:96:49:96:Infinity":23,"b:97:21:97:45:97:45:97:Infinity":24,"b:98:19:98:41:98:41:98:Infinity":25,"b:99:28:99:59:99:59:99:Infinity":26,"b:100:25:100:53:100:53:100:Infinity":27,"b:101:28:101:59:101:59:101:Infinity":28,"s:107:2:109:Infinity":21,"f:107:12:107:18":3,"s:108:4:108:Infinity":22,"f:111:11:111:25":4,"s:112:4:112:Infinity":23,"f:112:24:112:25":5,"s:112:35:112:74":24,"f:115:11:115:24":6,"s:116:28:116:Infinity":25,"s:117:4:117:Infinity":26,"f:117:16:117:17":7,"s:117:27:117:54":27,"s:118:4:118:Infinity":28,"f:121:11:121:24":8,"b:122:4:122:Infinity:undefined:undefined:undefined:undefined":29,"s:122:4:122:Infinity":29,"s:122:15:122:Infinity":30,"s:123:4:123:Infinity":31,"f:126:11:126:24":9,"s:127:4:127:Infinity":32,"s:128:4:128:Infinity":33,"s:129:4:129:Infinity":34,"s:131:10:131:Infinity":35,"b:133:4:136:Infinity:undefined:undefined:undefined:undefined":30,"s:133:4:136:Infinity":36,"s:134:6:134:Infinity":37,"s:135:6:135:Infinity":38,"b:138:4:141:Infinity:undefined:undefined:undefined:undefined":31,"s:138:4:141:Infinity":39,"b:138:8:138:33:138:33:138:82":32,"s:139:6:139:Infinity":40,"s:140:6:140:Infinity":41,"b:143:4:146:Infinity:undefined:undefined:undefined:undefined":33,"s:143:4:146:Infinity":42,"s:144:6:144:Infinity":43,"s:145:6:145:Infinity":44,"b:148:4:150:Infinity:undefined:undefined:undefined:undefined":34,"s:148:4:150:Infinity":45,"b:148:8:148:25:148:25:148:55":35,"s:149:6:149:Infinity":46,"s:152:4:152:Infinity":47,"s:156:2:165:Infinity":48,"f:156:12:156:18":10,"b:157:4:157:Infinity:undefined:undefined:undefined:undefined":36,"s:157:4:157:Infinity":49,"s:157:16:157:Infinity":50,"f:158:13:158:27":11,"b:159:6:161:Infinity:undefined:undefined:undefined:undefined":37,"s:159:6:161:Infinity":51,"s:160:8:160:Infinity":52,"s:163:4:163:Infinity":53,"s:164:4:164:Infinity":54,"f:164:11:164:17":12,"s:164:17:164:Infinity":55,"s:168:2:174:Infinity":56,"f:168:12:168:18":13,"b:169:4:169:Infinity:undefined:undefined:undefined:undefined":38,"s:169:4:169:Infinity":57,"b:169:8:169:18:169:18:169:33":39,"s:169:33:169:Infinity":58,"s:170:4:170:Infinity":59,"s:171:4:173:Infinity":60,"f:171:11:171:17":14,"s:172:6:172:Infinity":61,"s:177:2:186:Infinity":62,"f:177:12:177:18":15,"b:178:4:178:Infinity:undefined:undefined:undefined:undefined":40,"s:178:4:178:Infinity":63,"b:178:8:178:19:178:19:178:34":41,"s:178:34:178:Infinity":64,"f:179:13:179:27":16,"b:180:6:182:Infinity:undefined:undefined:undefined:undefined":42,"s:180:6:182:Infinity":65,"s:181:8:181:Infinity":66,"s:184:4:184:Infinity":67,"s:185:4:185:Infinity":68,"f:185:11:185:17":17,"s:185:17:185:Infinity":69,"s:189:4:658:Infinity":70,"b:194:60:194:71:194:71:194:73":43,"f:195:19:195:25":18,"s:195:25:195:Infinity":71,"b:201:61:201:72:201:72:201:74":44,"f:202:19:202:25":19,"s:202:25:202:Infinity":72,"b:259:11:259:Infinity:260:12:315:Infinity":45,"f:264:25:264:31":20,"s:264:31:264:Infinity":73,"b:267:79:267:85:267:85:267:89":46,"b:269:15:269:Infinity:270:16:313:Infinity":47,"f:292:44:292:45":21,"s:293:26:293:Infinity":74,"f:307:45:307:46":22,"s:308:26:308:Infinity":75,"b:319:11:319:Infinity:320:12:404:Infinity":48,"f:324:25:324:31":23,"s:324:31:324:Infinity":76,"b:327:77:327:83:327:83:327:87":49,"b:329:15:329:Infinity:330:16:402:Infinity":50,"f:342:42:342:43":24,"s:343:26:343:Infinity":77,"f:357:36:357:37":25,"s:358:26:358:Infinity":78,"f:396:38:396:39":26,"s:397:26:397:Infinity":79,"b:408:11:408:Infinity:409:12:491:Infinity":51,"f:413:25:413:31":27,"s:413:31:413:Infinity":80,"b:416:80:416:86:416:86:416:90":52,"b:418:15:418:Infinity:419:16:489:Infinity":53,"f:431:46:431:47":28,"s:432:26:432:Infinity":81,"f:446:42:446:43":29,"s:447:26:447:Infinity":82,"f:461:45:461:46":30,"s:462:26:462:Infinity":83,"b:495:11:495:Infinity:496:12:550:Infinity":54,"f:500:25:500:31":31,"s:500:31:500:Infinity":84,"b:503:76:503:82:503:82:503:86":55,"b:505:15:505:Infinity:506:16:548:Infinity":56,"f:542:41:542:42":32,"s:543:26:543:Infinity":85,"f:576:36:576:37":33,"s:577:18:577:Infinity":86,"b:595:11:595:Infinity:596:12:619:Infinity":57,"b:634:11:634:22:634:22:634:Infinity":58,"b:635:11:635:20:635:20:635:Infinity":59,"b:637:11:637:Infinity:638:12:645:Infinity":60,"b:643:27:643:43:643:43:643:Infinity":61,"b:648:9:648:Infinity:649:10:656:Infinity":62,"b:654:25:654:41:654:41:654:Infinity":63,"b:662:2:692:Infinity:undefined:undefined:undefined:undefined":64,"s:662:2:692:Infinity":87,"s:664:6:679:Infinity":88,"b:664:62:664:77:664:77:664:79":65,"f:671:23:671:29":34,"s:671:29:671:Infinity":89,"b:672:36:672:56:672:56:672:Infinity":66,"b:674:30:674:36:674:36:674:Infinity":67,"b:682:4:689:Infinity:undefined:undefined:undefined:undefined":68,"s:682:4:689:Infinity":90,"s:683:6:688:Infinity":91,"s:691:4:691:Infinity":92,"s:695:2:704:Infinity":93,"f:697:46:697:47":35,"s:697:53:697:Infinity":94}}}
,"/Users/Arnab.Chakraborty/Desktop/Firebase/Firebase-CRUD-/src/pages/ForgotPasswordPage.jsx": {"path":"/Users/Arnab.Chakraborty/Desktop/Firebase/Firebase-CRUD-/src/pages/ForgotPasswordPage.jsx","statementMap":{"0":{"start":{"line":7,"column":24},"end":{"line":7,"column":null}},"1":{"start":{"line":8,"column":24},"end":{"line":8,"column":null}},"2":{"start":{"line":9,"column":28},"end":{"line":9,"column":null}},"3":{"start":{"line":10,"column":28},"end":{"line":10,"column":null}},"4":{"start":{"line":12,"column":24},"end":{"line":12,"column":null}},"5":{"start":{"line":13,"column":29},"end":{"line":13,"column":null}},"6":{"start":{"line":16,"column":4},"end":{"line":16,"column":null}},"7":{"start":{"line":17,"column":4},"end":{"line":17,"column":null}},"8":{"start":{"line":18,"column":4},"end":{"line":18,"column":null}},"9":{"start":{"line":19,"column":4},"end":{"line":19,"column":null}},"10":{"start":{"line":21,"column":4},"end":{"line":28,"column":null}},"11":{"start":{"line":22,"column":6},"end":{"line":22,"column":null}},"12":{"start":{"line":23,"column":6},"end":{"line":23,"column":null}},"13":{"start":{"line":25,"column":6},"end":{"line":25,"column":null}},"14":{"start":{"line":27,"column":6},"end":{"line":27,"column":null}},"15":{"start":{"line":32,"column":4},"end":{"line":39,"column":null}},"16":{"start":{"line":34,"column":8},"end":{"line":34,"column":null}},"17":{"start":{"line":36,"column":8},"end":{"line":36,"column":null}},"18":{"start":{"line":38,"column":8},"end":{"line":38,"column":null}},"19":{"start":{"line":42,"column":2},"end":{"line":85,"column":null}},"20":{"start":{"line":70,"column":31},"end":{"line":70,"column":null}}},"fnMap":{"0":{"name":"ForgotPasswordPage","decl":{"start":{"line":6,"column":24},"end":{"line":6,"column":45}},"loc":{"start":{"line":6,"column":45},"end":{"line":87,"column":null}},"line":6},"1":{"name":"handleSubmit","decl":{"start":{"line":15,"column":17},"end":{"line":15,"column":30}},"loc":{"start":{"line":15,"column":33},"end":{"line":29,"column":null}},"line":15},"2":{"name":"getErrorMessage","decl":{"start":{"line":31,"column":11},"end":{"line":31,"column":27}},"loc":{"start":{"line":31,"column":33},"end":{"line":40,"column":null}},"line":31},"3":{"name":"(anonymous_3)","decl":{"start":{"line":70,"column":24},"end":{"line":70,"column":25}},"loc":{"start":{"line":70,"column":31},"end":{"line":70,"column":null}},"line":70}},"branchMap":{"0":{"loc":{"start":{"line":32,"column":4},"end":{"line":39,"column":null}},"type":"switch","locations":[{"start":{"line":33,"column":6},"end":{"line":34,"column":null}},{"start":{"line":35,"column":6},"end":{"line":36,"column":null}},{"start":{"line":37,"column":6},"end":{"line":38,"column":null}}],"line":32},"1":{"loc":{"start":{"line":48,"column":33},"end":{"line":48,"column":69}},"type":"cond-expr","locations":[{"start":{"line":48,"column":53},"end":{"line":48,"column":62}},{"start":{"line":48,"column":62},"end":{"line":48,"column":69}}],"line":48},"2":{"loc":{"start":{"line":50,"column":9},"end":{"line":50,"column":null}},"type":"cond-expr","locations":[{"start":{"line":50,"column":29},"end":{"line":50,"column":36}},{"start":{"line":50,"column":36},"end":{"line":50,"column":null}}],"line":50},"3":{"loc":{"start":{"line":59,"column":9},"end":{"line":59,"column":null}},"type":"binary-expr","locations":[{"start":{"line":59,"column":9},"end":{"line":59,"column":18}},{"start":{"line":59,"column":18},"end":{"line":59,"column":null}}],"line":59},"4":{"loc":{"start":{"line":60,"column":9},"end":{"line":60,"column":null}},"type":"binary-expr","locations":[{"start":{"line":60,"column":9},"end":{"line":60,"column":20}},{"start":{"line":60,"column":20},"end":{"line":60,"column":null}}],"line":60},"5":{"loc":{"start":{"line":77,"column":13},"end":{"line":77,"column":null}},"type":"cond-expr","locations":[{"start":{"line":77,"column":23},"end":{"line":77,"column":40}},{"start":{"line":77,"column":40},"end":{"line":77,"column":null}}],"line":77}},"s":{"0":317,"1":317,"2":317,"3":317,"4":317,"5":317,"6":13,"7":13,"8":13,"9":13,"10":13,"11":13,"12":7,"13":4,"14":11,"15":4,"16":2,"17":1,"18":1,"19":317,"20":267},"f":{"0":317,"1":13,"2":4,"3":267},"b":{"0":[2,1,1],"1":[317,0],"2":[317,0],"3":[317,25],"4":[317,47],"5":[13,304]},"meta":{"lastBranch":6,"lastFunction":4,"lastStatement":21,"seen":{"f:6:24:6:45":0,"s:7:24:7:Infinity":0,"s:8:24:8:Infinity":1,"s:9:28:9:Infinity":2,"s:10:28:10:Infinity":3,"s:12:24:12:Infinity":4,"s:13:29:13:Infinity":5,"f:15:17:15:30":1,"s:16:4:16:Infinity":6,"s:17:4:17:Infinity":7,"s:18:4:18:Infinity":8,"s:19:4:19:Infinity":9,"s:21:4:28:Infinity":10,"s:22:6:22:Infinity":11,"s:23:6:23:Infinity":12,"s:25:6:25:Infinity":13,"s:27:6:27:Infinity":14,"f:31:11:31:27":2,"b:33:6:34:Infinity:35:6:36:Infinity:37:6:38:Infinity":0,"s:32:4:39:Infinity":15,"s:34:8:34:Infinity":16,"s:36:8:36:Infinity":17,"s:38:8:38:Infinity":18,"s:42:2:85:Infinity":19,"b:48:53:48:62:48:62:48:69":1,"b:50:29:50:36:50:36:50:Infinity":2,"b:59:9:59:18:59:18:59:Infinity":3,"b:60:9:60:20:60:20:60:Infinity":4,"f:70:24:70:25":3,"s:70:31:70:Infinity":20,"b:77:23:77:40:77:40:77:Infinity":5}}}
,"/Users/Arnab.Chakraborty/Desktop/Firebase/Firebase-CRUD-/src/pages/SignupPage.jsx": {"path":"/Users/Arnab.Chakraborty/Desktop/Firebase/Firebase-CRUD-/src/pages/SignupPage.jsx","statementMap":{"0":{"start":{"line":7,"column":36},"end":{"line":7,"column":null}},"1":{"start":{"line":8,"column":24},"end":{"line":8,"column":null}},"2":{"start":{"line":9,"column":30},"end":{"line":9,"column":null}},"3":{"start":{"line":10,"column":44},"end":{"line":10,"column":null}},"4":{"start":{"line":11,"column":24},"end":{"line":11,"column":null}},"5":{"start":{"line":12,"column":28},"end":{"line":12,"column":null}},"6":{"start":{"line":14,"column":17},"end":{"line":14,"column":null}},"7":{"start":{"line":15,"column":29},"end":{"line":15,"column":null}},"8":{"start":{"line":16,"column":8},"end":{"line":16,"column":null}},"9":{"start":{"line":19,"column":4},"end":{"line":19,"column":null}},"10":{"start":{"line":20,"column":4},"end":{"line":20,"column":null}},"11":{"start":{"line":22,"column":4},"end":{"line":24,"column":null}},"12":{"start":{"line":23,"column":6},"end":{"line":23,"column":null}},"13":{"start":{"line":26,"column":4},"end":{"line":28,"column":null}},"14":{"start":{"line":27,"column":6},"end":{"line":27,"column":null}},"15":{"start":{"line":30,"column":4},"end":{"line":30,"column":null}},"16":{"start":{"line":32,"column":4},"end":{"line":39,"column":null}},"17":{"start":{"line":33,"column":6},"end":{"line":33,"column":null}},"18":{"start":{"line":34,"column":6},"end":{"line":34,"column":null}},"19":{"start":{"line":36,"column":6},"end":{"line":36,"column":null}},"20":{"start":{"line":38,"column":6},"end":{"line":38,"column":null}},"21":{"start":{"line":43,"column":4},"end":{"line":52,"column":null}},"22":{"start":{"line":45,"column":8},"end":{"line":45,"column":null}},"23":{"start":{"line":47,"column":8},"end":{"line":47,"column":null}},"24":{"start":{"line":49,"column":8},"end":{"line":49,"column":null}},"25":{"start":{"line":51,"column":8},"end":{"line":51,"column":null}},"26":{"start":{"line":55,"column":2},"end":{"line":138,"column":null}},"27":{"start":{"line":82,"column":31},"end":{"line":82,"column":null}},"28":{"start":{"line":96,"column":31},"end":{"line":96,"column":null}},"29":{"start":{"line":108,"column":31},"end":{"line":108,"column":null}},"30":{"start":{"line":122,"column":31},"end":{"line":122,"column":null}}},"fnMap":{"0":{"name":"SignupPage","decl":{"start":{"line":6,"column":24},"end":{"line":6,"column":37}},"loc":{"start":{"line":6,"column":37},"end":{"line":140,"column":null}},"line":6},"1":{"name":"handleSubmit","decl":{"start":{"line":18,"column":17},"end":{"line":18,"column":30}},"loc":{"start":{"line":18,"column":33},"end":{"line":40,"column":null}},"line":18},"2":{"name":"getErrorMessage","decl":{"start":{"line":42,"column":11},"end":{"line":42,"column":27}},"loc":{"start":{"line":42,"column":33},"end":{"line":53,"column":null}},"line":42},"3":{"name":"(anonymous_3)","decl":{"start":{"line":82,"column":24},"end":{"line":82,"column":25}},"loc":{"start":{"line":82,"column":31},"end":{"line":82,"column":null}},"line":82},"4":{"name":"(anonymous_4)","decl":{"start":{"line":96,"column":24},"end":{"line":96,"column":25}},"loc":{"start":{"line":96,"column":31},"end":{"line":96,"column":null}},"line":96},"5":{"name":"(anonymous_5)","decl":{"start":{"line":108,"column":24},"end":{"line":108,"column":25}},"loc":{"start":{"line":108,"column":31},"end":{"line":108,"column":null}},"line":108},"6":{"name":"(anonymous_6)","decl":{"start":{"line":122,"column":24},"end":{"line":122,"column":25}},"loc":{"start":{"line":122,"column":31},"end":{"line":122,"column":null}},"line":122}},"branchMap":{"0":{"loc":{"start":{"line":22,"column":4},"end":{"line":24,"column":null}},"type":"if","locations":[{"start":{"line":22,"column":4},"end":{"line":24,"column":null}},{"start":{},"end":{}}],"line":22},"1":{"loc":{"start":{"line":26,"column":4},"end":{"line":28,"column":null}},"type":"if","locations":[{"start":{"line":26,"column":4},"end":{"line":28,"column":null}},{"start":{},"end":{}}],"line":26},"2":{"loc":{"start":{"line":43,"column":4},"end":{"line":52,"column":null}},"type":"switch","locations":[{"start":{"line":44,"column":6},"end":{"line":45,"column":null}},{"start":{"line":46,"column":6},"end":{"line":47,"column":null}},{"start":{"line":48,"column":6},"end":{"line":49,"column":null}},{"start":{"line":50,"column":6},"end":{"line":51,"column":null}}],"line":43},"3":{"loc":{"start":{"line":61,"column":33},"end":{"line":61,"column":69}},"type":"cond-expr","locations":[{"start":{"line":61,"column":53},"end":{"line":61,"column":62}},{"start":{"line":61,"column":62},"end":{"line":61,"column":69}}],"line":61},"4":{"loc":{"start":{"line":63,"column":9},"end":{"line":63,"column":null}},"type":"cond-expr","locations":[{"start":{"line":63,"column":29},"end":{"line":63,"column":36}},{"start":{"line":63,"column":36},"end":{"line":63,"column":null}}],"line":63},"5":{"loc":{"start":{"line":72,"column":9},"end":{"line":72,"column":null}},"type":"binary-expr","locations":[{"start":{"line":72,"column":9},"end":{"line":72,"column":18}},{"start":{"line":72,"column":18},"end":{"line":72,"column":null}}],"line":72},"6":{"loc":{"start":{"line":128,"column":13},"end":{"line":128,"column":null}},"type":"cond-expr","locations":[{"start":{"line":128,"column":23},"end":{"line":128,"column":49}},{"start":{"line":128,"column":49},"end":{"line":128,"column":null}}],"line":128}},"s":{"0":688,"1":688,"2":688,"3":688,"4":688,"5":688,"6":688,"7":688,"8":688,"9":12,"10":12,"11":12,"12":2,"13":10,"14":1,"15":9,"16":9,"17":9,"18":4,"19":4,"20":8,"21":4,"22":1,"23":1,"24":1,"25":1,"26":688,"27":180,"28":196,"29":121,"30":133},"f":{"0":688,"1":12,"2":4,"3":180,"4":196,"5":121,"6":133},"b":{"0":[2,10],"1":[1,9],"2":[1,1,1,1],"3":[688,0],"4":[688,0],"5":[688,19],"6":[9,679]},"meta":{"lastBranch":7,"lastFunction":7,"lastStatement":31,"seen":{"f:6:24:6:37":0,"s:7:36:7:Infinity":0,"s:8:24:8:Infinity":1,"s:9:30:9:Infinity":2,"s:10:44:10:Infinity":3,"s:11:24:11:Infinity":4,"s:12:28:12:Infinity":5,"s:14:17:14:Infinity":6,"s:15:29:15:Infinity":7,"s:16:8:16:Infinity":8,"f:18:17:18:30":1,"s:19:4:19:Infinity":9,"s:20:4:20:Infinity":10,"b:22:4:24:Infinity:undefined:undefined:undefined:undefined":0,"s:22:4:24:Infinity":11,"s:23:6:23:Infinity":12,"b:26:4:28:Infinity:undefined:undefined:undefined:undefined":1,"s:26:4:28:Infinity":13,"s:27:6:27:Infinity":14,"s:30:4:30:Infinity":15,"s:32:4:39:Infinity":16,"s:33:6:33:Infinity":17,"s:34:6:34:Infinity":18,"s:36:6:36:Infinity":19,"s:38:6:38:Infinity":20,"f:42:11:42:27":2,"b:44:6:45:Infinity:46:6:47:Infinity:48:6:49:Infinity:50:6:51:Infinity":2,"s:43:4:52:Infinity":21,"s:45:8:45:Infinity":22,"s:47:8:47:Infinity":23,"s:49:8:49:Infinity":24,"s:51:8:51:Infinity":25,"s:55:2:138:Infinity":26,"b:61:53:61:62:61:62:61:69":3,"b:63:29:63:36:63:36:63:Infinity":4,"b:72:9:72:18:72:18:72:Infinity":5,"f:82:24:82:25":3,"s:82:31:82:Infinity":27,"f:96:24:96:25":4,"s:96:31:96:Infinity":28,"f:108:24:108:25":5,"s:108:31:108:Infinity":29,"f:122:24:122:25":6,"s:122:31:122:Infinity":30,"b:128:23:128:49:128:49:128:Infinity":6}}}
}
